<?xml version="1.0" encoding="UTF-8"?>
<!-- Generated by org.testng.reporters.JUnitXMLReporter -->
<testsuite hostname="bigdaddy" name="Default test" tests="6" failures="0" timestamp="28 Mar 2017 16:45:45 GMT" time="45.65" errors="0">
  <testcase name="testNativeSeleniumAppium" time="2.374" classname="org.xframium.examples.java.test.WebHome"/>
  <testcase name="testNativeSeleniumAppium" time="4.869" classname="org.xframium.examples.java.test.WebHome"/>
  <testcase name="testXFramiumWithJavaPOM" time="2.14" classname="org.xframium.examples.java.test.WebHome"/>
  <testcase name="testXFramiumWithJavaPOM" time="5.272" classname="org.xframium.examples.java.test.WebHome"/>
  <testcase name="testXFramiumWithKWPOM" time="1.954" classname="org.xframium.examples.java.test.WebHome"/>
  <testcase name="testXFramiumWithKWPOM" time="5.321" classname="org.xframium.examples.java.test.WebHome"/>
</testsuite> <!-- Default test -->
